<?xml version="1.0" encoding="UTF-8"?>
<!-- Generated by org.testng.reporters.JUnitReportReporter -->
<testsuite hostname="DESKTOP-0RIJ4K6" failures="0" tests="3" name="Flipkartpractise.Test.DataProviderTest" time="0.024" errors="0" timestamp="2023-12-25T12:09:35 IST" skipped="0">
  <testcase classname="Flipkartpractise.Test.DataProviderTest" name="MyTest" time="0.004"/>
  <testcase classname="Flipkartpractise.Test.DataProviderTest" name="MyTest" time="0.010"/>
  <testcase classname="Flipkartpractise.Test.DataProviderTest" name="MyTest" time="0.010"/>
</testsuite> <!-- Flipkartpractise.Test.DataProviderTest -->
